<?xml version="1.0" encoding="UTF-8"?>
<testsuite name="Assignment/tests" tests="1" failures="0" skipped="0" hostname="thinkpad-akshaypanwar" time="28.332" timestamp="Tue May 16 12:34:33 IST 2023">
	<properties>
		<property name="excludeCallableTestCases" value="false"/>
		<property name="testEnvironment" value=""/>
		<property name="pluginOutputLevel" value="WARNING"/>
		<property name="projectPath" value=".."/>
		<property name="salesforceMetadataCache" value="Reuse"/>
		<property name="resultsPathDisposition" value="Increment"/>
		<property name="testOutputLevel" value="INFO"/>
		<property name="webBrowserType" value="Chrome"/>
		<property name="resultsPath" value="../ANT/Results"/>
		<property name="webBrowserConfiguration" value="Full Screen"/>
		<property name="projectCachePath" value="C:\Users\akshay.panwar\Provar\WorkspaceAssignment\Assignment\ANT\..\..\.provarCaches"/>
	</properties>
	<testcase classname="tests/UI Testing\Make My Trip Error Message.testcase" name="Make My Trip Error Message.testcase" time="11.827">
	</testcase>
</testsuite>
